<?xml version="1.0" encoding="UTF-8"?>
<!-- Generated by org.testng.reporters.JUnitReportReporter -->
<testsuite skipped="0" hostname="RASHLAPTOP" name="test_scripts.TestActi" tests="1" failures="0" timestamp="07 Jul 2020 13:25:43 GMT" time="24.768" errors="0">
  <testcase name="testLogin" time="24.768" classname="test_scripts.TestActi"/>
</testsuite> <!-- test_scripts.TestActi -->
